Determining if the Q_WS_WIN exist failed with the following output:
Change Dir: /home/a1ba/projects/ponycountdownplasma/build/CMakeFiles/CMakeTmp

Run Build Command:/usr/bin/gmake "cmTryCompileExec189016995/fast"
/usr/bin/gmake -f CMakeFiles/cmTryCompileExec189016995.dir/build.make CMakeFiles/cmTryCompileExec189016995.dir/build
gmake[1]: Entering directory '/home/a1ba/projects/ponycountdownplasma/build/CMakeFiles/CMakeTmp'
/usr/bin/cmake -E cmake_progress_report /home/a1ba/projects/ponycountdownplasma/build/CMakeFiles/CMakeTmp/CMakeFiles 1
Building C object CMakeFiles/cmTryCompileExec189016995.dir/CheckSymbolExists.c.o
/usr/bin/cc   -I/usr/include/qt4    -o CMakeFiles/cmTryCompileExec189016995.dir/CheckSymbolExists.c.o   -c /home/a1ba/projects/ponycountdownplasma/build/CMakeFiles/CMakeTmp/CheckSymbolExists.c
/home/a1ba/projects/ponycountdownplasma/build/CMakeFiles/CMakeTmp/CheckSymbolExists.c: In function ‘main’:
/home/a1ba/projects/ponycountdownplasma/build/CMakeFiles/CMakeTmp/CheckSymbolExists.c:8:19: error: ‘Q_WS_WIN’ undeclared (first use in this function)
   return ((int*)(&Q_WS_WIN))[argc];
                   ^
/home/a1ba/projects/ponycountdownplasma/build/CMakeFiles/CMakeTmp/CheckSymbolExists.c:8:19: note: each undeclared identifier is reported only once for each function it appears in
CMakeFiles/cmTryCompileExec189016995.dir/build.make:60: recipe for target 'CMakeFiles/cmTryCompileExec189016995.dir/CheckSymbolExists.c.o' failed
gmake[1]: *** [CMakeFiles/cmTryCompileExec189016995.dir/CheckSymbolExists.c.o] Error 1
gmake[1]: Leaving directory '/home/a1ba/projects/ponycountdownplasma/build/CMakeFiles/CMakeTmp'
Makefile:117: recipe for target 'cmTryCompileExec189016995/fast' failed
gmake: *** [cmTryCompileExec189016995/fast] Error 2

File /home/a1ba/projects/ponycountdownplasma/build/CMakeFiles/CMakeTmp/CheckSymbolExists.c:
/* */
#include <QtCore/qglobal.h>

int main(int argc, char** argv)
{
  (void)argv;
#ifndef Q_WS_WIN
  return ((int*)(&Q_WS_WIN))[argc];
#else
  (void)argc;
  return 0;
#endif
}

Determining if the Q_WS_QWS exist failed with the following output:
Change Dir: /home/a1ba/projects/ponycountdownplasma/build/CMakeFiles/CMakeTmp

Run Build Command:/usr/bin/gmake "cmTryCompileExec641153377/fast"
/usr/bin/gmake -f CMakeFiles/cmTryCompileExec641153377.dir/build.make CMakeFiles/cmTryCompileExec641153377.dir/build
gmake[1]: Entering directory '/home/a1ba/projects/ponycountdownplasma/build/CMakeFiles/CMakeTmp'
/usr/bin/cmake -E cmake_progress_report /home/a1ba/projects/ponycountdownplasma/build/CMakeFiles/CMakeTmp/CMakeFiles 1
Building C object CMakeFiles/cmTryCompileExec641153377.dir/CheckSymbolExists.c.o
/usr/bin/cc   -I/usr/include/qt4    -o CMakeFiles/cmTryCompileExec641153377.dir/CheckSymbolExists.c.o   -c /home/a1ba/projects/ponycountdownplasma/build/CMakeFiles/CMakeTmp/CheckSymbolExists.c
/home/a1ba/projects/ponycountdownplasma/build/CMakeFiles/CMakeTmp/CheckSymbolExists.c: In function ‘main’:
/home/a1ba/projects/ponycountdownplasma/build/CMakeFiles/CMakeTmp/CheckSymbolExists.c:8:19: error: ‘Q_WS_QWS’ undeclared (first use in this function)
   return ((int*)(&Q_WS_QWS))[argc];
                   ^
/home/a1ba/projects/ponycountdownplasma/build/CMakeFiles/CMakeTmp/CheckSymbolExists.c:8:19: note: each undeclared identifier is reported only once for each function it appears in
CMakeFiles/cmTryCompileExec641153377.dir/build.make:60: recipe for target 'CMakeFiles/cmTryCompileExec641153377.dir/CheckSymbolExists.c.o' failed
gmake[1]: *** [CMakeFiles/cmTryCompileExec641153377.dir/CheckSymbolExists.c.o] Error 1
gmake[1]: Leaving directory '/home/a1ba/projects/ponycountdownplasma/build/CMakeFiles/CMakeTmp'
Makefile:117: recipe for target 'cmTryCompileExec641153377/fast' failed
gmake: *** [cmTryCompileExec641153377/fast] Error 2

File /home/a1ba/projects/ponycountdownplasma/build/CMakeFiles/CMakeTmp/CheckSymbolExists.c:
/* */
#include <QtCore/qglobal.h>

int main(int argc, char** argv)
{
  (void)argv;
#ifndef Q_WS_QWS
  return ((int*)(&Q_WS_QWS))[argc];
#else
  (void)argc;
  return 0;
#endif
}

Determining if the Q_WS_MAC exist failed with the following output:
Change Dir: /home/a1ba/projects/ponycountdownplasma/build/CMakeFiles/CMakeTmp

Run Build Command:/usr/bin/gmake "cmTryCompileExec1071523252/fast"
/usr/bin/gmake -f CMakeFiles/cmTryCompileExec1071523252.dir/build.make CMakeFiles/cmTryCompileExec1071523252.dir/build
gmake[1]: Entering directory '/home/a1ba/projects/ponycountdownplasma/build/CMakeFiles/CMakeTmp'
/usr/bin/cmake -E cmake_progress_report /home/a1ba/projects/ponycountdownplasma/build/CMakeFiles/CMakeTmp/CMakeFiles 1
Building C object CMakeFiles/cmTryCompileExec1071523252.dir/CheckSymbolExists.c.o
/usr/bin/cc   -I/usr/include/qt4    -o CMakeFiles/cmTryCompileExec1071523252.dir/CheckSymbolExists.c.o   -c /home/a1ba/projects/ponycountdownplasma/build/CMakeFiles/CMakeTmp/CheckSymbolExists.c
/home/a1ba/projects/ponycountdownplasma/build/CMakeFiles/CMakeTmp/CheckSymbolExists.c: In function ‘main’:
/home/a1ba/projects/ponycountdownplasma/build/CMakeFiles/CMakeTmp/CheckSymbolExists.c:8:19: error: ‘Q_WS_MAC’ undeclared (first use in this function)
   return ((int*)(&Q_WS_MAC))[argc];
                   ^
/home/a1ba/projects/ponycountdownplasma/build/CMakeFiles/CMakeTmp/CheckSymbolExists.c:8:19: note: each undeclared identifier is reported only once for each function it appears in
CMakeFiles/cmTryCompileExec1071523252.dir/build.make:60: recipe for target 'CMakeFiles/cmTryCompileExec1071523252.dir/CheckSymbolExists.c.o' failed
gmake[1]: Leaving directory '/home/a1ba/projects/ponycountdownplasma/build/CMakeFiles/CMakeTmp'
gmake[1]: *** [CMakeFiles/cmTryCompileExec1071523252.dir/CheckSymbolExists.c.o] Error 1
Makefile:117: recipe for target 'cmTryCompileExec1071523252/fast' failed
gmake: *** [cmTryCompileExec1071523252/fast] Error 2

File /home/a1ba/projects/ponycountdownplasma/build/CMakeFiles/CMakeTmp/CheckSymbolExists.c:
/* */
#include <QtCore/qglobal.h>

int main(int argc, char** argv)
{
  (void)argv;
#ifndef Q_WS_MAC
  return ((int*)(&Q_WS_MAC))[argc];
#else
  (void)argc;
  return 0;
#endif
}

Determining if the pthread_create exist failed with the following output:
Change Dir: /home/a1ba/projects/ponycountdownplasma/build/CMakeFiles/CMakeTmp

Run Build Command:/usr/bin/gmake "cmTryCompileExec3084296358/fast"
/usr/bin/gmake -f CMakeFiles/cmTryCompileExec3084296358.dir/build.make CMakeFiles/cmTryCompileExec3084296358.dir/build
gmake[1]: Entering directory '/home/a1ba/projects/ponycountdownplasma/build/CMakeFiles/CMakeTmp'
/usr/bin/cmake -E cmake_progress_report /home/a1ba/projects/ponycountdownplasma/build/CMakeFiles/CMakeTmp/CMakeFiles 1
Building C object CMakeFiles/cmTryCompileExec3084296358.dir/CheckSymbolExists.c.o
/usr/bin/cc    -o CMakeFiles/cmTryCompileExec3084296358.dir/CheckSymbolExists.c.o   -c /home/a1ba/projects/ponycountdownplasma/build/CMakeFiles/CMakeTmp/CheckSymbolExists.c
Linking C executable cmTryCompileExec3084296358
/usr/bin/cmake -E cmake_link_script CMakeFiles/cmTryCompileExec3084296358.dir/link.txt --verbose=1
/usr/bin/cc       CMakeFiles/cmTryCompileExec3084296358.dir/CheckSymbolExists.c.o  -o cmTryCompileExec3084296358 -rdynamic 
CMakeFiles/cmTryCompileExec3084296358.dir/CheckSymbolExists.c.o: In function `main':
CheckSymbolExists.c:(.text+0xa): undefined reference to `pthread_create'
collect2: error: ld returned 1 exit status
CMakeFiles/cmTryCompileExec3084296358.dir/build.make:91: recipe for target 'cmTryCompileExec3084296358' failed
gmake[1]: *** [cmTryCompileExec3084296358] Error 1
gmake[1]: Leaving directory '/home/a1ba/projects/ponycountdownplasma/build/CMakeFiles/CMakeTmp'
Makefile:117: recipe for target 'cmTryCompileExec3084296358/fast' failed
gmake: *** [cmTryCompileExec3084296358/fast] Error 2

File /home/a1ba/projects/ponycountdownplasma/build/CMakeFiles/CMakeTmp/CheckSymbolExists.c:
/* */
#include <pthread.h>

int main(int argc, char** argv)
{
  (void)argv;
#ifndef pthread_create
  return ((int*)(&pthread_create))[argc];
#else
  (void)argc;
  return 0;
#endif
}

Determining if the function pthread_create exists in the pthreads failed with the following output:
Change Dir: /home/a1ba/projects/ponycountdownplasma/build/CMakeFiles/CMakeTmp

Run Build Command:/usr/bin/gmake "cmTryCompileExec3221653440/fast"
/usr/bin/gmake -f CMakeFiles/cmTryCompileExec3221653440.dir/build.make CMakeFiles/cmTryCompileExec3221653440.dir/build
gmake[1]: Entering directory '/home/a1ba/projects/ponycountdownplasma/build/CMakeFiles/CMakeTmp'
/usr/bin/cmake -E cmake_progress_report /home/a1ba/projects/ponycountdownplasma/build/CMakeFiles/CMakeTmp/CMakeFiles 1
Building C object CMakeFiles/cmTryCompileExec3221653440.dir/CheckFunctionExists.c.o
/usr/bin/cc   -DCHECK_FUNCTION_EXISTS=pthread_create   -o CMakeFiles/cmTryCompileExec3221653440.dir/CheckFunctionExists.c.o   -c /usr/share/cmake/Modules/CheckFunctionExists.c
Linking C executable cmTryCompileExec3221653440
/usr/bin/cmake -E cmake_link_script CMakeFiles/cmTryCompileExec3221653440.dir/link.txt --verbose=1
/usr/bin/cc   -DCHECK_FUNCTION_EXISTS=pthread_create    CMakeFiles/cmTryCompileExec3221653440.dir/CheckFunctionExists.c.o  -o cmTryCompileExec3221653440 -rdynamic -lpthreads 
/usr/lib/gcc/i686-pc-linux-gnu/4.8.2/../../../../i686-pc-linux-gnu/bin/ld: cannot find -lpthreads
collect2: error: ld returned 1 exit status
CMakeFiles/cmTryCompileExec3221653440.dir/build.make:91: recipe for target 'cmTryCompileExec3221653440' failed
gmake[1]: *** [cmTryCompileExec3221653440] Error 1
gmake[1]: Leaving directory '/home/a1ba/projects/ponycountdownplasma/build/CMakeFiles/CMakeTmp'
Makefile:117: recipe for target 'cmTryCompileExec3221653440/fast' failed
gmake: *** [cmTryCompileExec3221653440/fast] Error 2


Performing C++ SOURCE FILE Test _OFFT_IS_64BIT failed with the following output:
Change Dir: /home/a1ba/projects/ponycountdownplasma/build/CMakeFiles/CMakeTmp

Run Build Command:/usr/bin/gmake "cmTryCompileExec1806701071/fast"
/usr/bin/gmake -f CMakeFiles/cmTryCompileExec1806701071.dir/build.make CMakeFiles/cmTryCompileExec1806701071.dir/build
gmake[1]: Entering directory '/home/a1ba/projects/ponycountdownplasma/build/CMakeFiles/CMakeTmp'
/usr/bin/cmake -E cmake_progress_report /home/a1ba/projects/ponycountdownplasma/build/CMakeFiles/CMakeTmp/CMakeFiles 1
Building CXX object CMakeFiles/cmTryCompileExec1806701071.dir/src.cxx.o
/usr/bin/c++    -D_OFFT_IS_64BIT   -o CMakeFiles/cmTryCompileExec1806701071.dir/src.cxx.o -c /home/a1ba/projects/ponycountdownplasma/build/CMakeFiles/CMakeTmp/src.cxx
/home/a1ba/projects/ponycountdownplasma/build/CMakeFiles/CMakeTmp/src.cxx:7:36: warning: left shift count >= width of type [enabled by default]
 #define LARGE_OFF_T (((off_t) 1 << 62) - 1 + ((off_t) 1 << 62))
                                    ^
/home/a1ba/projects/ponycountdownplasma/build/CMakeFiles/CMakeTmp/src.cxx:9:23: note: in expansion of macro ‘LARGE_OFF_T’
   int off_t_is_large[(LARGE_OFF_T % 2147483629 == 721 && LARGE_OFF_T % 2147483647 == 1) ? 1 : -1];
                       ^
/home/a1ba/projects/ponycountdownplasma/build/CMakeFiles/CMakeTmp/src.cxx:7:60: warning: left shift count >= width of type [enabled by default]
 #define LARGE_OFF_T (((off_t) 1 << 62) - 1 + ((off_t) 1 << 62))
                                                            ^
/home/a1ba/projects/ponycountdownplasma/build/CMakeFiles/CMakeTmp/src.cxx:9:23: note: in expansion of macro ‘LARGE_OFF_T’
   int off_t_is_large[(LARGE_OFF_T % 2147483629 == 721 && LARGE_OFF_T % 2147483647 == 1) ? 1 : -1];
                       ^
/home/a1ba/projects/ponycountdownplasma/build/CMakeFiles/CMakeTmp/src.cxx:9:97: error: size of array ‘off_t_is_large’ is negative
   int off_t_is_large[(LARGE_OFF_T % 2147483629 == 721 && LARGE_OFF_T % 2147483647 == 1) ? 1 : -1];
                                                                                                 ^
CMakeFiles/cmTryCompileExec1806701071.dir/build.make:60: recipe for target 'CMakeFiles/cmTryCompileExec1806701071.dir/src.cxx.o' failed
gmake[1]: *** [CMakeFiles/cmTryCompileExec1806701071.dir/src.cxx.o] Error 1
gmake[1]: Leaving directory '/home/a1ba/projects/ponycountdownplasma/build/CMakeFiles/CMakeTmp'
Makefile:117: recipe for target 'cmTryCompileExec1806701071/fast' failed
gmake: *** [cmTryCompileExec1806701071/fast] Error 2

Source file was:

#include <sys/types.h>
 /* Check that off_t can represent 2**63 - 1 correctly.
    We can't simply define LARGE_OFF_T to be 9223372036854775807,
    since some C++ compilers masquerading as C compilers
    incorrectly reject 9223372036854775807.  */
#define LARGE_OFF_T (((off_t) 1 << 62) - 1 + ((off_t) 1 << 62))

  int off_t_is_large[(LARGE_OFF_T % 2147483629 == 721 && LARGE_OFF_T % 2147483647 == 1) ? 1 : -1];
  int main() { return 0; }

